[23:24:12] âœ… yt-dlp å·²å®‰è£…
[23:24:12] ğŸ¬ å¼€å§‹ä¸‹è½½è§†é¢‘
[23:24:12] URL: https://youtu.be/jKr9Omaf3Gs
[23:24:12] è¾“å‡ºç›®å½•: D:\YT_Market_Tool\youtube-clips
[23:24:12] ğŸ“Š è·å–è§†é¢‘ä¿¡æ¯...
[23:24:17] ä¸‹è½½å¤±è´¥: [0;31mERROR:[0m [youtube] jKr9Omaf3Gs: Sign in to confirm youâ€™re not a bot. Use --cookies-from-browser or --cookies for the authentication. See  https://github.com/yt-dlp/yt-dlp/wiki/FAQ#how-do-i-pass-cookies-to-yt-dlp  for how to manually pass cookies. Also see  https://github.com/yt-dlp/yt-dlp/wiki/Extractors#exporting-youtube-cookies  for tips on effectively exporting YouTube cookies
[23:24:17] Traceback (most recent call last):
  File "C:\Users\ä¼Ÿæ°\AppData\Local\Programs\Python\Python314\Lib\site-packages\yt_dlp\YoutubeDL.py", line 1696, in wrapper
    return func(self, *args, **kwargs)
  File "C:\Users\ä¼Ÿæ°\AppData\Local\Programs\Python\Python314\Lib\site-packages\yt_dlp\YoutubeDL.py", line 1831, in __extract_info
    ie_result = ie.extract(url)
  File "C:\Users\ä¼Ÿæ°\AppData\Local\Programs\Python\Python314\Lib\site-packages\yt_dlp\extractor\common.py", line 762, in extract
    ie_result = self._real_extract(url)
  File "C:\Users\ä¼Ÿæ°\AppData\Local\Programs\Python\Python314\Lib\site-packages\yt_dlp\extractor\youtube\_video.py", line 3910, in _real_extract
    self.raise_no_formats(reason, expected=True)
    ~~~~~~~~~~~~~~~~~~~~~^^^^^^^^^^^^^^^^^^^^^^^
  File "C:\Users\ä¼Ÿæ°\AppData\Local\Programs\Python\Python314\Lib\site-packages\yt_dlp\extractor\common.py", line 1274, in raise_no_formats
    raise ExtractorError(msg, expected=expected, video_id=video_id)
yt_dlp.utils.ExtractorError: [youtube] jKr9Omaf3Gs: Sign in to confirm youâ€™re not a bot. Use --cookies-from-browser or --cookies for the authentication. See  https://github.com/yt-dlp/yt-dlp/wiki/FAQ#how-do-i-pass-cookies-to-yt-dlp  for how to manually pass cookies. Also see  https://github.com/yt-dlp/yt-dlp/wiki/Extractors#exporting-youtube-cookies  for tips on effectively exporting YouTube cookies

During handling of the above exception, another exception occurred:

Traceback (most recent call last):
  File "D:\YT_Market_Tool\direct_download.py", line 57, in <module>
    info = ydl.extract_info(url, download=False)
  File "C:\Users\ä¼Ÿæ°\AppData\Local\Programs\Python\Python314\Lib\site-packages\yt_dlp\YoutubeDL.py", line 1685, in extract_info
    return self.__extract_info(url, self.get_info_extractor(key), download, extra_info, process)
           ~~~~~~~~~~~~~~~~~~~^^^^^^^^^^^^^^^^^^^^^^^^^^^^^^^^^^^^^^^^^^^^^^^^^^^^^^^^^^^^^^^^^^
  File "C:\Users\ä¼Ÿæ°\AppData\Local\Programs\Python\Python314\Lib\site-packages\yt_dlp\YoutubeDL.py", line 1714, in wrapper
    self.report_error(str(e), e.format_traceback())
    ~~~~~~~~~~~~~~~~~^^^^^^^^^^^^^^^^^^^^^^^^^^^^^^
  File "C:\Users\ä¼Ÿæ°\AppData\Local\Programs\Python\Python314\Lib\site-packages\yt_dlp\YoutubeDL.py", line 1154, in report_error
    self.trouble(f'{self._format_err("ERROR:", self.Styles.ERROR)} {message}', *args, **kwargs)
    ~~~~~~~~~~~~^^^^^^^^^^^^^^^^^^^^^^^^^^^^^^^^^^^^^^^^^^^^^^^^^^^^^^^^^^^^^^^^^^^^^^^^^^^^^^^
  File "C:\Users\ä¼Ÿæ°\AppData\Local\Programs\Python\Python314\Lib\site-packages\yt_dlp\YoutubeDL.py", line 1093, in trouble
    raise DownloadError(message, exc_info)
yt_dlp.utils.DownloadError: [0;31mERROR:[0m [youtube] jKr9Omaf3Gs: Sign in to confirm youâ€™re not a bot. Use --cookies-from-browser or --cookies for the authentication. See  https://github.com/yt-dlp/yt-dlp/wiki/FAQ#how-do-i-pass-cookies-to-yt-dlp  for how to manually pass cookies. Also see  https://github.com/yt-dlp/yt-dlp/wiki/Extractors#exporting-youtube-cookies  for tips on effectively exporting YouTube cookies

[23:26:21] âœ… yt-dlp å·²å®‰è£…
[23:26:21] ğŸ¬ å¼€å§‹ä¸‹è½½è§†é¢‘
[23:26:21] URL: https://youtu.be/jKr9Omaf3Gs
[23:26:21] è¾“å‡ºç›®å½•: D:\YT_Market_Tool\youtube-clips
[23:26:21] ğŸª å°è¯•ä»æµè§ˆå™¨è·å– cookies...
[23:26:21] å°è¯•æµè§ˆå™¨: chrome
[23:26:21] ğŸ“Š è·å–è§†é¢‘ä¿¡æ¯...
[23:26:22] âŒ ä¸‹è½½å¤±è´¥: [0;31mERROR:[0m [0;31mERROR:[0m Could not copy Chrome cookie database. See  https://github.com/yt-dlp/yt-dlp/issues/7271  for more info
[23:26:22] Traceback (most recent call last):
  File "C:\Users\ä¼Ÿæ°\AppData\Local\Programs\Python\Python314\Lib\site-packages\yt_dlp\cookies.py", line 324, in _extract_chrome_cookies
    cursor = _open_database_copy(cookie_database_path, tmpdir)
  File "C:\Users\ä¼Ÿæ°\AppData\Local\Programs\Python\Python314\Lib\site-packages\yt_dlp\cookies.py", line 1115, in _open_database_copy
    shutil.copy(database_path, database_copy_path)
    ~~~~~~~~~~~^^^^^^^^^^^^^^^^^^^^^^^^^^^^^^^^^^^
  File "C:\Users\ä¼Ÿæ°\AppData\Local\Programs\Python\Python314\Lib\shutil.py", line 489, in copy
    copyfile(src, dst, follow_symlinks=follow_symlinks)
    ~~~~~~~~^^^^^^^^^^^^^^^^^^^^^^^^^^^^^^^^^^^^^^^^^^^
  File "C:\Users\ä¼Ÿæ°\AppData\Local\Programs\Python\Python314\Lib\shutil.py", line 313, in copyfile
    with open(src, 'rb') as fsrc:
         ~~~~^^^^^^^^^^^
PermissionError: [Errno 13] Permission denied: 'C:\\Users\\ä¼Ÿæ°\\AppData\\Local\\Google\\Chrome\\User Data\\Default\\Network\\Cookies'

During handling of the above exception, another exception occurred:

Traceback (most recent call last):
  File "C:\Users\ä¼Ÿæ°\AppData\Local\Programs\Python\Python314\Lib\site-packages\yt_dlp\cookies.py", line 99, in load_cookies
    extract_cookies_from_browser(browser_name, profile, YDLLogger(ydl), keyring=keyring, container=container))
    ~~~~~~~~~~~~~~~~~~~~~~~~~~~~^^^^^^^^^^^^^^^^^^^^^^^^^^^^^^^^^^^^^^^^^^^^^^^^^^^^^^^^^^^^^^^^^^^^^^^^^^^^^
  File "C:\Users\ä¼Ÿæ°\AppData\Local\Programs\Python\Python314\Lib\site-packages\yt_dlp\cookies.py", line 122, in extract_cookies_from_browser
    return _extract_chrome_cookies(browser_name, profile, keyring, logger)
  File "C:\Users\ä¼Ÿæ°\AppData\Local\Programs\Python\Python314\Lib\site-packages\yt_dlp\cookies.py", line 364, in _extract_chrome_cookies
    logger.error(message)
    ~~~~~~~~~~~~^^^^^^^^^
  File "C:\Users\ä¼Ÿæ°\AppData\Local\Programs\Python\Python314\Lib\site-packages\yt_dlp\utils\_utils.py", line 5684, in error
    self._ydl.report_error(message, is_error=is_error)
    ~~~~~~~~~~~~~~~~~~~~~~^^^^^^^^^^^^^^^^^^^^^^^^^^^^
  File "C:\Users\ä¼Ÿæ°\AppData\Local\Programs\Python\Python314\Lib\site-packages\yt_dlp\YoutubeDL.py", line 1154, in report_error
    self.trouble(f'{self._format_err("ERROR:", self.Styles.ERROR)} {message}', *args, **kwargs)
    ~~~~~~~~~~~~^^^^^^^^^^^^^^^^^^^^^^^^^^^^^^^^^^^^^^^^^^^^^^^^^^^^^^^^^^^^^^^^^^^^^^^^^^^^^^^
  File "C:\Users\ä¼Ÿæ°\AppData\Local\Programs\Python\Python314\Lib\site-packages\yt_dlp\YoutubeDL.py", line 1093, in trouble
    raise DownloadError(message, exc_info)
yt_dlp.utils.DownloadError: [0;31mERROR:[0m Could not copy Chrome cookie database. See  https://github.com/yt-dlp/yt-dlp/issues/7271  for more info

During handling of the above exception, another exception occurred:

Traceback (most recent call last):
  File "C:\Users\ä¼Ÿæ°\AppData\Local\Programs\Python\Python314\Lib\site-packages\yt_dlp\YoutubeDL.py", line 4174, in cookiejar
    return load_cookies(
        self.params.get('cookiefile'), self.params.get('cookiesfrombrowser'), self)
  File "C:\Users\ä¼Ÿæ°\AppData\Local\Programs\Python\Python314\Lib\site-packages\yt_dlp\cookies.py", line 113, in load_cookies
    raise CookieLoadError('failed to load cookies')
yt_dlp.cookies.CookieLoadError: failed to load cookies

During handling of the above exception, another exception occurred:

Traceback (most recent call last):
  File "D:\YT_Market_Tool\download_with_cookies.py", line 63, in <module>
    info = ydl.extract_info(url, download=False)
  File "C:\Users\ä¼Ÿæ°\AppData\Local\Programs\Python\Python314\Lib\site-packages\yt_dlp\YoutubeDL.py", line 1685, in extract_info
    return self.__extract_info(url, self.get_info_extractor(key), download, extra_info, process)
           ~~~~~~~~~~~~~~~~~~~^^^^^^^^^^^^^^^^^^^^^^^^^^^^^^^^^^^^^^^^^^^^^^^^^^^^^^^^^^^^^^^^^^
  File "C:\Users\ä¼Ÿæ°\AppData\Local\Programs\Python\Python314\Lib\site-packages\yt_dlp\YoutubeDL.py", line 1696, in wrapper
    return func(self, *args, **kwargs)
  File "C:\Users\ä¼Ÿæ°\AppData\Local\Programs\Python\Python314\Lib\site-packages\yt_dlp\YoutubeDL.py", line 1831, in __extract_info
    ie_result = ie.extract(url)
  File "C:\Users\ä¼Ÿæ°\AppData\Local\Programs\Python\Python314\Lib\site-packages\yt_dlp\extractor\common.py", line 759, in extract
    self.initialize()
    ~~~~~~~~~~~~~~~^^
  File "C:\Users\ä¼Ÿæ°\AppData\Local\Programs\Python\Python314\Lib\site-packages\yt_dlp\extractor\common.py", line 668, in initialize
    self._real_initialize()
    ~~~~~~~~~~~~~~~~~~~~~^^
  File "C:\Users\ä¼Ÿæ°\AppData\Local\Programs\Python\Python314\Lib\site-packages\yt_dlp\extractor\youtube\_video.py", line 1842, in _real_initialize
    super()._real_initialize()
    ~~~~~~~~~~~~~~~~~~~~~~~~^^
  File "C:\Users\ä¼Ÿæ°\AppData\Local\Programs\Python\Python314\Lib\site-packages\yt_dlp\extractor\youtube\_base.py", line 679, in _real_initialize
    self._initialize_pref()
    ~~~~~~~~~~~~~~~~~~~~~^^
  File "C:\Users\ä¼Ÿæ°\AppData\Local\Programs\Python\Python314\Lib\site-packages\yt_dlp\extractor\youtube\_base.py", line 662, in _initialize_pref
    pref_cookie = self._youtube_cookies.get('PREF')
                  ^^^^^^^^^^^^^^^^^^^^^
  File "C:\Users\ä¼Ÿæ°\AppData\Local\Programs\Python\Python314\Lib\site-packages\yt_dlp\extractor\youtube\_base.py", line 763, in _youtube_cookies
    return self._get_cookies('https://www.youtube.com')
           ~~~~~~~~~~~~~~~~~^^^^^^^^^^^^^^^^^^^^^^^^^^^
  File "C:\Users\ä¼Ÿæ°\AppData\Local\Programs\Python\Python314\Lib\site-packages\yt_dlp\extractor\common.py", line 3768, in _get_cookies
    return LenientSimpleCookie(self._downloader.cookiejar.get_cookie_header(url))
                               ^^^^^^^^^^^^^^^^^^^^^^^^^^
  File "C:\Users\ä¼Ÿæ°\AppData\Local\Programs\Python\Python314\Lib\functools.py", line 1126, in __get__
    val = self.func(instance)
  File "C:\Users\ä¼Ÿæ°\AppData\Local\Programs\Python\Python314\Lib\site-packages\yt_dlp\YoutubeDL.py", line 4178, in cookiejar
    self.report_error(str(cause), tb=''.join(traceback.format_exception(cause)))
    ~~~~~~~~~~~~~~~~~^^^^^^^^^^^^^^^^^^^^^^^^^^^^^^^^^^^^^^^^^^^^^^^^^^^^^^^^^^^
  File "C:\Users\ä¼Ÿæ°\AppData\Local\Programs\Python\Python314\Lib\site-packages\yt_dlp\YoutubeDL.py", line 1154, in report_error
    self.trouble(f'{self._format_err("ERROR:", self.Styles.ERROR)} {message}', *args, **kwargs)
    ~~~~~~~~~~~~^^^^^^^^^^^^^^^^^^^^^^^^^^^^^^^^^^^^^^^^^^^^^^^^^^^^^^^^^^^^^^^^^^^^^^^^^^^^^^^
  File "C:\Users\ä¼Ÿæ°\AppData\Local\Programs\Python\Python314\Lib\site-packages\yt_dlp\YoutubeDL.py", line 1093, in trouble
    raise DownloadError(message, exc_info)
yt_dlp.utils.DownloadError: [0;31mERROR:[0m [0;31mERROR:[0m Could not copy Chrome cookie database. See  https://github.com/yt-dlp/yt-dlp/issues/7271  for more info

[23:27:43] âœ… yt-dlp å·²å®‰è£…
[23:27:43] ğŸ¬ å¼€å§‹ä¸‹è½½è§†é¢‘
[23:27:43] URL: https://youtu.be/jKr9Omaf3Gs
[23:27:43] è¾“å‡ºç›®å½•: D:\YT_Market_Tool\youtube-clips
[23:27:43] ğŸª ä½¿ç”¨ Edge æµè§ˆå™¨ cookies...
[23:27:43] ğŸ“Š è·å–è§†é¢‘ä¿¡æ¯...
[23:27:44] âŒ ä¸‹è½½å¤±è´¥: [0;31mERROR:[0m [0;31mERROR:[0m Could not copy Chrome cookie database. See  https://github.com/yt-dlp/yt-dlp/issues/7271  for more info
[23:27:44] Traceback (most recent call last):
  File "C:\Users\ä¼Ÿæ°\AppData\Local\Programs\Python\Python314\Lib\site-packages\yt_dlp\cookies.py", line 324, in _extract_chrome_cookies
    cursor = _open_database_copy(cookie_database_path, tmpdir)
  File "C:\Users\ä¼Ÿæ°\AppData\Local\Programs\Python\Python314\Lib\site-packages\yt_dlp\cookies.py", line 1115, in _open_database_copy
    shutil.copy(database_path, database_copy_path)
    ~~~~~~~~~~~^^^^^^^^^^^^^^^^^^^^^^^^^^^^^^^^^^^
  File "C:\Users\ä¼Ÿæ°\AppData\Local\Programs\Python\Python314\Lib\shutil.py", line 489, in copy
    copyfile(src, dst, follow_symlinks=follow_symlinks)
    ~~~~~~~~^^^^^^^^^^^^^^^^^^^^^^^^^^^^^^^^^^^^^^^^^^^
  File "C:\Users\ä¼Ÿæ°\AppData\Local\Programs\Python\Python314\Lib\shutil.py", line 313, in copyfile
    with open(src, 'rb') as fsrc:
         ~~~~^^^^^^^^^^^
PermissionError: [Errno 13] Permission denied: 'C:\\Users\\ä¼Ÿæ°\\AppData\\Local\\Microsoft\\Edge\\User Data\\Default\\Network\\Cookies'

During handling of the above exception, another exception occurred:

Traceback (most recent call last):
  File "C:\Users\ä¼Ÿæ°\AppData\Local\Programs\Python\Python314\Lib\site-packages\yt_dlp\cookies.py", line 99, in load_cookies
    extract_cookies_from_browser(browser_name, profile, YDLLogger(ydl), keyring=keyring, container=container))
    ~~~~~~~~~~~~~~~~~~~~~~~~~~~~^^^^^^^^^^^^^^^^^^^^^^^^^^^^^^^^^^^^^^^^^^^^^^^^^^^^^^^^^^^^^^^^^^^^^^^^^^^^^
  File "C:\Users\ä¼Ÿæ°\AppData\Local\Programs\Python\Python314\Lib\site-packages\yt_dlp\cookies.py", line 122, in extract_cookies_from_browser
    return _extract_chrome_cookies(browser_name, profile, keyring, logger)
  File "C:\Users\ä¼Ÿæ°\AppData\Local\Programs\Python\Python314\Lib\site-packages\yt_dlp\cookies.py", line 364, in _extract_chrome_cookies
    logger.error(message)
    ~~~~~~~~~~~~^^^^^^^^^
  File "C:\Users\ä¼Ÿæ°\AppData\Local\Programs\Python\Python314\Lib\site-packages\yt_dlp\utils\_utils.py", line 5684, in error
    self._ydl.report_error(message, is_error=is_error)
    ~~~~~~~~~~~~~~~~~~~~~~^^^^^^^^^^^^^^^^^^^^^^^^^^^^
  File "C:\Users\ä¼Ÿæ°\AppData\Local\Programs\Python\Python314\Lib\site-packages\yt_dlp\YoutubeDL.py", line 1154, in report_error
    self.trouble(f'{self._format_err("ERROR:", self.Styles.ERROR)} {message}', *args, **kwargs)
    ~~~~~~~~~~~~^^^^^^^^^^^^^^^^^^^^^^^^^^^^^^^^^^^^^^^^^^^^^^^^^^^^^^^^^^^^^^^^^^^^^^^^^^^^^^^
  File "C:\Users\ä¼Ÿæ°\AppData\Local\Programs\Python\Python314\Lib\site-packages\yt_dlp\YoutubeDL.py", line 1093, in trouble
    raise DownloadError(message, exc_info)
yt_dlp.utils.DownloadError: [0;31mERROR:[0m Could not copy Chrome cookie database. See  https://github.com/yt-dlp/yt-dlp/issues/7271  for more info

During handling of the above exception, another exception occurred:

Traceback (most recent call last):
  File "C:\Users\ä¼Ÿæ°\AppData\Local\Programs\Python\Python314\Lib\site-packages\yt_dlp\YoutubeDL.py", line 4174, in cookiejar
    return load_cookies(
        self.params.get('cookiefile'), self.params.get('cookiesfrombrowser'), self)
  File "C:\Users\ä¼Ÿæ°\AppData\Local\Programs\Python\Python314\Lib\site-packages\yt_dlp\cookies.py", line 113, in load_cookies
    raise CookieLoadError('failed to load cookies')
yt_dlp.cookies.CookieLoadError: failed to load cookies

During handling of the above exception, another exception occurred:

Traceback (most recent call last):
  File "D:\YT_Market_Tool\download_edge.py", line 53, in <module>
    info = ydl.extract_info(url, download=False)
  File "C:\Users\ä¼Ÿæ°\AppData\Local\Programs\Python\Python314\Lib\site-packages\yt_dlp\YoutubeDL.py", line 1685, in extract_info
    return self.__extract_info(url, self.get_info_extractor(key), download, extra_info, process)
           ~~~~~~~~~~~~~~~~~~~^^^^^^^^^^^^^^^^^^^^^^^^^^^^^^^^^^^^^^^^^^^^^^^^^^^^^^^^^^^^^^^^^^
  File "C:\Users\ä¼Ÿæ°\AppData\Local\Programs\Python\Python314\Lib\site-packages\yt_dlp\YoutubeDL.py", line 1696, in wrapper
    return func(self, *args, **kwargs)
  File "C:\Users\ä¼Ÿæ°\AppData\Local\Programs\Python\Python314\Lib\site-packages\yt_dlp\YoutubeDL.py", line 1831, in __extract_info
    ie_result = ie.extract(url)
  File "C:\Users\ä¼Ÿæ°\AppData\Local\Programs\Python\Python314\Lib\site-packages\yt_dlp\extractor\common.py", line 759, in extract
    self.initialize()
    ~~~~~~~~~~~~~~~^^
  File "C:\Users\ä¼Ÿæ°\AppData\Local\Programs\Python\Python314\Lib\site-packages\yt_dlp\extractor\common.py", line 668, in initialize
    self._real_initialize()
    ~~~~~~~~~~~~~~~~~~~~~^^
  File "C:\Users\ä¼Ÿæ°\AppData\Local\Programs\Python\Python314\Lib\site-packages\yt_dlp\extractor\youtube\_video.py", line 1842, in _real_initialize
    super()._real_initialize()
    ~~~~~~~~~~~~~~~~~~~~~~~~^^
  File "C:\Users\ä¼Ÿæ°\AppData\Local\Programs\Python\Python314\Lib\site-packages\yt_dlp\extractor\youtube\_base.py", line 679, in _real_initialize
    self._initialize_pref()
    ~~~~~~~~~~~~~~~~~~~~~^^
  File "C:\Users\ä¼Ÿæ°\AppData\Local\Programs\Python\Python314\Lib\site-packages\yt_dlp\extractor\youtube\_base.py", line 662, in _initialize_pref
    pref_cookie = self._youtube_cookies.get('PREF')
                  ^^^^^^^^^^^^^^^^^^^^^
  File "C:\Users\ä¼Ÿæ°\AppData\Local\Programs\Python\Python314\Lib\site-packages\yt_dlp\extractor\youtube\_base.py", line 763, in _youtube_cookies
    return self._get_cookies('https://www.youtube.com')
           ~~~~~~~~~~~~~~~~~^^^^^^^^^^^^^^^^^^^^^^^^^^^
  File "C:\Users\ä¼Ÿæ°\AppData\Local\Programs\Python\Python314\Lib\site-packages\yt_dlp\extractor\common.py", line 3768, in _get_cookies
    return LenientSimpleCookie(self._downloader.cookiejar.get_cookie_header(url))
                               ^^^^^^^^^^^^^^^^^^^^^^^^^^
  File "C:\Users\ä¼Ÿæ°\AppData\Local\Programs\Python\Python314\Lib\functools.py", line 1126, in __get__
    val = self.func(instance)
  File "C:\Users\ä¼Ÿæ°\AppData\Local\Programs\Python\Python314\Lib\site-packages\yt_dlp\YoutubeDL.py", line 4178, in cookiejar
    self.report_error(str(cause), tb=''.join(traceback.format_exception(cause)))
    ~~~~~~~~~~~~~~~~~^^^^^^^^^^^^^^^^^^^^^^^^^^^^^^^^^^^^^^^^^^^^^^^^^^^^^^^^^^^
  File "C:\Users\ä¼Ÿæ°\AppData\Local\Programs\Python\Python314\Lib\site-packages\yt_dlp\YoutubeDL.py", line 1154, in report_error
    self.trouble(f'{self._format_err("ERROR:", self.Styles.ERROR)} {message}', *args, **kwargs)
    ~~~~~~~~~~~~^^^^^^^^^^^^^^^^^^^^^^^^^^^^^^^^^^^^^^^^^^^^^^^^^^^^^^^^^^^^^^^^^^^^^^^^^^^^^^^
  File "C:\Users\ä¼Ÿæ°\AppData\Local\Programs\Python\Python314\Lib\site-packages\yt_dlp\YoutubeDL.py", line 1093, in trouble
    raise DownloadError(message, exc_info)
yt_dlp.utils.DownloadError: [0;31mERROR:[0m [0;31mERROR:[0m Could not copy Chrome cookie database. See  https://github.com/yt-dlp/yt-dlp/issues/7271  for more info

[23:29:29] âœ… yt-dlp å·²å®‰è£…
[23:29:29] ğŸ¬ å¼€å§‹ä¸‹è½½è§†é¢‘
[23:29:29] URL: https://youtu.be/jKr9Omaf3Gs
[23:29:29] è¾“å‡ºç›®å½•: D:\YT_Market_Tool\youtube-clips
[23:29:29] ğŸ”„ ä½¿ç”¨æ›¿ä»£æ–¹æ³•ï¼ˆæ—  cookiesï¼‰...
[23:29:30] ğŸ“Š è·å–è§†é¢‘ä¿¡æ¯...
[23:29:37] âŒ ä¸‹è½½å¤±è´¥: [0;31mERROR:[0m [youtube] jKr9Omaf3Gs: Sign in to confirm youâ€™re not a bot. Use --cookies-from-browser or --cookies for the authentication. See  https://github.com/yt-dlp/yt-dlp/wiki/FAQ#how-do-i-pass-cookies-to-yt-dlp  for how to manually pass cookies. Also see  https://github.com/yt-dlp/yt-dlp/wiki/Extractors#exporting-youtube-cookies  for tips on effectively exporting YouTube cookies
[23:29:37] ============================================================
[23:29:37] âš ï¸ YouTube æœºå™¨äººéªŒè¯é˜»æ­¢äº†ä¸‹è½½
[23:29:37] 
[23:29:37] è¯·å°è¯•ä»¥ä¸‹è§£å†³æ–¹æ¡ˆï¼š
[23:29:37] 
[23:29:37] æ–¹æ¡ˆ 1: æ‰‹åŠ¨å¯¼å‡º Cookiesï¼ˆæ¨èï¼‰
[23:29:37]   1. åœ¨æµè§ˆå™¨ä¸­å®‰è£… 'Get cookies.txt' æ‰©å±•
[23:29:37]   2. è®¿é—® YouTube å¹¶ç™»å½•
[23:29:37]   3. ç‚¹å‡»æ‰©å±•ï¼Œå¯¼å‡º cookies.txt
[23:29:37]   4. å°† cookies.txt ä¿å­˜åˆ°: D:\YT_Market_Tool\cookies.txt
[23:29:37]   5. é‡æ–°è¿è¡Œä¸‹è½½è„šæœ¬
[23:29:37] 
[23:29:37] æ–¹æ¡ˆ 2: å…³é—­æ‰€æœ‰æµè§ˆå™¨åé‡è¯•
[23:29:37]   1. å…³é—­ Chromeã€Edge ç­‰æ‰€æœ‰æµè§ˆå™¨
[23:29:37]   2. é‡æ–°è¿è¡Œä¸‹è½½è„šæœ¬
[23:29:37] 
[23:29:37] æ–¹æ¡ˆ 3: ä½¿ç”¨ cookies æ–‡ä»¶
[23:29:37]   å¦‚æœå·²æœ‰ cookies.txtï¼Œå°†å…¶æ”¾åœ¨ D:\YT_Market_Tool\ ç›®å½•
[23:29:37] ============================================================
[23:29:37] Traceback (most recent call last):
  File "C:\Users\ä¼Ÿæ°\AppData\Local\Programs\Python\Python314\Lib\site-packages\yt_dlp\YoutubeDL.py", line 1696, in wrapper
    return func(self, *args, **kwargs)
  File "C:\Users\ä¼Ÿæ°\AppData\Local\Programs\Python\Python314\Lib\site-packages\yt_dlp\YoutubeDL.py", line 1831, in __extract_info
    ie_result = ie.extract(url)
  File "C:\Users\ä¼Ÿæ°\AppData\Local\Programs\Python\Python314\Lib\site-packages\yt_dlp\extractor\common.py", line 762, in extract
    ie_result = self._real_extract(url)
  File "C:\Users\ä¼Ÿæ°\AppData\Local\Programs\Python\Python314\Lib\site-packages\yt_dlp\extractor\youtube\_video.py", line 3910, in _real_extract
    self.raise_no_formats(reason, expected=True)
    ~~~~~~~~~~~~~~~~~~~~~^^^^^^^^^^^^^^^^^^^^^^^
  File "C:\Users\ä¼Ÿæ°\AppData\Local\Programs\Python\Python314\Lib\site-packages\yt_dlp\extractor\common.py", line 1274, in raise_no_formats
    raise ExtractorError(msg, expected=expected, video_id=video_id)
yt_dlp.utils.ExtractorError: [youtube] jKr9Omaf3Gs: Sign in to confirm youâ€™re not a bot. Use --cookies-from-browser or --cookies for the authentication. See  https://github.com/yt-dlp/yt-dlp/wiki/FAQ#how-do-i-pass-cookies-to-yt-dlp  for how to manually pass cookies. Also see  https://github.com/yt-dlp/yt-dlp/wiki/Extractors#exporting-youtube-cookies  for tips on effectively exporting YouTube cookies

During handling of the above exception, another exception occurred:

Traceback (most recent call last):
  File "D:\YT_Market_Tool\download_alternative.py", line 53, in <module>
    info = ydl.extract_info(url, download=False)
  File "C:\Users\ä¼Ÿæ°\AppData\Local\Programs\Python\Python314\Lib\site-packages\yt_dlp\YoutubeDL.py", line 1685, in extract_info
    return self.__extract_info(url, self.get_info_extractor(key), download, extra_info, process)
           ~~~~~~~~~~~~~~~~~~~^^^^^^^^^^^^^^^^^^^^^^^^^^^^^^^^^^^^^^^^^^^^^^^^^^^^^^^^^^^^^^^^^^
  File "C:\Users\ä¼Ÿæ°\AppData\Local\Programs\Python\Python314\Lib\site-packages\yt_dlp\YoutubeDL.py", line 1714, in wrapper
    self.report_error(str(e), e.format_traceback())
    ~~~~~~~~~~~~~~~~~^^^^^^^^^^^^^^^^^^^^^^^^^^^^^^
  File "C:\Users\ä¼Ÿæ°\AppData\Local\Programs\Python\Python314\Lib\site-packages\yt_dlp\YoutubeDL.py", line 1154, in report_error
    self.trouble(f'{self._format_err("ERROR:", self.Styles.ERROR)} {message}', *args, **kwargs)
    ~~~~~~~~~~~~^^^^^^^^^^^^^^^^^^^^^^^^^^^^^^^^^^^^^^^^^^^^^^^^^^^^^^^^^^^^^^^^^^^^^^^^^^^^^^^
  File "C:\Users\ä¼Ÿæ°\AppData\Local\Programs\Python\Python314\Lib\site-packages\yt_dlp\YoutubeDL.py", line 1093, in trouble
    raise DownloadError(message, exc_info)
yt_dlp.utils.DownloadError: [0;31mERROR:[0m [youtube] jKr9Omaf3Gs: Sign in to confirm youâ€™re not a bot. Use --cookies-from-browser or --cookies for the authentication. See  https://github.com/yt-dlp/yt-dlp/wiki/FAQ#how-do-i-pass-cookies-to-yt-dlp  for how to manually pass cookies. Also see  https://github.com/yt-dlp/yt-dlp/wiki/Extractors#exporting-youtube-cookies  for tips on effectively exporting YouTube cookies

[23:30:48] âœ… yt-dlp å·²å®‰è£…
[23:30:48] ğŸ¬ å¼€å§‹ä¸‹è½½è§†é¢‘ï¼ˆæœ€ç»ˆå°è¯•ï¼‰
[23:30:48] URL: https://youtu.be/jKr9Omaf3Gs
[23:30:48] è¾“å‡ºç›®å½•: D:\YT_Market_Tool\youtube-clips
[23:30:48] 
ğŸ”„ å°è¯• é…ç½® 1: ä½¿ç”¨ no-playlist...
[23:30:48] ğŸ“Š è·å–è§†é¢‘ä¿¡æ¯...
[23:30:53] âš ï¸ æ­¤é…ç½®å¤±è´¥ï¼Œå°è¯•ä¸‹ä¸€ä¸ª...
[23:30:53] 
ğŸ”„ å°è¯• é…ç½® 2: æ·»åŠ  extractor-args...
[23:30:53] ğŸ“Š è·å–è§†é¢‘ä¿¡æ¯...
[23:30:59] âš ï¸ æ­¤é…ç½®å¤±è´¥ï¼Œå°è¯•ä¸‹ä¸€ä¸ª...
[23:30:59] ============================================================
[23:30:59] âŒ æ‰€æœ‰é…ç½®éƒ½å¤±è´¥äº†
[23:30:59] 
[23:30:59] YouTube è¦æ±‚æä¾›èº«ä»½éªŒè¯ï¼ˆcookiesï¼‰
[23:30:59] 
[23:30:59] è§£å†³æ–¹æ¡ˆï¼š
[23:30:59] 1. å…³é—­æ‰€æœ‰æµè§ˆå™¨çª—å£ï¼ˆChromeã€Edge ç­‰ï¼‰
[23:30:59] 2. é‡æ–°è¿è¡Œä¸‹è½½è„šæœ¬ï¼ˆå°è¯•è‡ªåŠ¨è·å– cookiesï¼‰
[23:30:59] 
[23:30:59] æˆ–è€…æ‰‹åŠ¨è·å– cookiesï¼š
[23:30:59] 1. å®‰è£…æµè§ˆå™¨æ‰©å±• 'Get cookies.txt LOCALLY'
[23:30:59] 2. è®¿é—® YouTube å¹¶ç™»å½•æ‚¨çš„è´¦å·
[23:30:59] 3. ç‚¹å‡»æ‰©å±•å›¾æ ‡ï¼Œä¸‹è½½ cookies.txt
[23:30:59] 4. å°† cookies.txt ä¿å­˜åˆ°: D:\YT_Market_Tool\cookies.txt
[23:30:59] 5. è¿è¡Œå‘½ä»¤: yt-dlp --cookies D:\YT_Market_Tool\cookies.txt -o D:\YT_Market_Tool\youtube-clips\%(id)s.mp4 https://youtu.be/jKr9Omaf3Gs
[23:30:59] ============================================================
[00:23:08] âœ… yt-dlp å·²å®‰è£…
[00:23:08] ğŸ¬ å¼€å§‹ä¸‹è½½è§†é¢‘
[00:23:08] URL: https://youtu.be/jKr9Omaf3Gs
[00:23:08] è¾“å‡ºç›®å½•: D:\YT_Market_Tool\youtube-clips
[00:23:08] ğŸª ä½¿ç”¨ cookies æ–‡ä»¶: D:\YT_Market_Tool\cookies.txt
[00:23:08] ğŸ“Š è·å–è§†é¢‘ä¿¡æ¯...
[00:23:35] âŒ ä¸‹è½½å¤±è´¥: [0;31mERROR:[0m [youtube] jKr9Omaf3Gs: Sign in to confirm youâ€™re not a bot. Use --cookies-from-browser or --cookies for the authentication. See  https://github.com/yt-dlp/yt-dlp/wiki/FAQ#how-do-i-pass-cookies-to-yt-dlp  for how to manually pass cookies. Also see  https://github.com/yt-dlp/yt-dlp/wiki/Extractors#exporting-youtube-cookies  for tips on effectively exporting YouTube cookies
[00:23:35] Traceback (most recent call last):
  File "C:\Users\ä¼Ÿæ°\AppData\Local\Programs\Python\Python314\Lib\site-packages\yt_dlp\YoutubeDL.py", line 1696, in wrapper
    return func(self, *args, **kwargs)
  File "C:\Users\ä¼Ÿæ°\AppData\Local\Programs\Python\Python314\Lib\site-packages\yt_dlp\YoutubeDL.py", line 1831, in __extract_info
    ie_result = ie.extract(url)
  File "C:\Users\ä¼Ÿæ°\AppData\Local\Programs\Python\Python314\Lib\site-packages\yt_dlp\extractor\common.py", line 762, in extract
    ie_result = self._real_extract(url)
  File "C:\Users\ä¼Ÿæ°\AppData\Local\Programs\Python\Python314\Lib\site-packages\yt_dlp\extractor\youtube\_video.py", line 3910, in _real_extract
    self.raise_no_formats(reason, expected=True)
    ~~~~~~~~~~~~~~~~~~~~~^^^^^^^^^^^^^^^^^^^^^^^
  File "C:\Users\ä¼Ÿæ°\AppData\Local\Programs\Python\Python314\Lib\site-packages\yt_dlp\extractor\common.py", line 1274, in raise_no_formats
    raise ExtractorError(msg, expected=expected, video_id=video_id)
yt_dlp.utils.ExtractorError: [youtube] jKr9Omaf3Gs: Sign in to confirm youâ€™re not a bot. Use --cookies-from-browser or --cookies for the authentication. See  https://github.com/yt-dlp/yt-dlp/wiki/FAQ#how-do-i-pass-cookies-to-yt-dlp  for how to manually pass cookies. Also see  https://github.com/yt-dlp/yt-dlp/wiki/Extractors#exporting-youtube-cookies  for tips on effectively exporting YouTube cookies

During handling of the above exception, another exception occurred:

Traceback (most recent call last):
  File "D:\YT_Market_Tool\download_with_cookies.py", line 63, in <module>
    info = ydl.extract_info(url, download=False)
  File "C:\Users\ä¼Ÿæ°\AppData\Local\Programs\Python\Python314\Lib\site-packages\yt_dlp\YoutubeDL.py", line 1685, in extract_info
    return self.__extract_info(url, self.get_info_extractor(key), download, extra_info, process)
           ~~~~~~~~~~~~~~~~~~~^^^^^^^^^^^^^^^^^^^^^^^^^^^^^^^^^^^^^^^^^^^^^^^^^^^^^^^^^^^^^^^^^^
  File "C:\Users\ä¼Ÿæ°\AppData\Local\Programs\Python\Python314\Lib\site-packages\yt_dlp\YoutubeDL.py", line 1714, in wrapper
    self.report_error(str(e), e.format_traceback())
    ~~~~~~~~~~~~~~~~~^^^^^^^^^^^^^^^^^^^^^^^^^^^^^^
  File "C:\Users\ä¼Ÿæ°\AppData\Local\Programs\Python\Python314\Lib\site-packages\yt_dlp\YoutubeDL.py", line 1154, in report_error
    self.trouble(f'{self._format_err("ERROR:", self.Styles.ERROR)} {message}', *args, **kwargs)
    ~~~~~~~~~~~~^^^^^^^^^^^^^^^^^^^^^^^^^^^^^^^^^^^^^^^^^^^^^^^^^^^^^^^^^^^^^^^^^^^^^^^^^^^^^^^
  File "C:\Users\ä¼Ÿæ°\AppData\Local\Programs\Python\Python314\Lib\site-packages\yt_dlp\YoutubeDL.py", line 1093, in trouble
    raise DownloadError(message, exc_info)
yt_dlp.utils.DownloadError: [0;31mERROR:[0m [youtube] jKr9Omaf3Gs: Sign in to confirm youâ€™re not a bot. Use --cookies-from-browser or --cookies for the authentication. See  https://github.com/yt-dlp/yt-dlp/wiki/FAQ#how-do-i-pass-cookies-to-yt-dlp  for how to manually pass cookies. Also see  https://github.com/yt-dlp/yt-dlp/wiki/Extractors#exporting-youtube-cookies  for tips on effectively exporting YouTube cookies

[00:25:22] âœ… yt-dlp å·²å®‰è£…
[00:25:22] ğŸ¬ å¼€å§‹ä¸‹è½½è§†é¢‘
[00:25:22] URL: https://youtu.be/jKr9Omaf3Gs
[00:25:22] è¾“å‡ºç›®å½•: D:\YT_Market_Tool\youtube-clips
[00:25:22] ğŸª ä½¿ç”¨ cookies æ–‡ä»¶: D:\YT_Market_Tool\youtube-work\cookies.txt
[00:25:22] ğŸ“Š è·å–è§†é¢‘ä¿¡æ¯...
[00:25:30] âŒ ä¸‹è½½å¤±è´¥: [0;31mERROR:[0m [youtube] jKr9Omaf3Gs: Sign in to confirm youâ€™re not a bot. Use --cookies-from-browser or --cookies for the authentication. See  https://github.com/yt-dlp/yt-dlp/wiki/FAQ#how-do-i-pass-cookies-to-yt-dlp  for how to manually pass cookies. Also see  https://github.com/yt-dlp/yt-dlp/wiki/Extractors#exporting-youtube-cookies  for tips on effectively exporting YouTube cookies
[00:25:30] Traceback (most recent call last):
  File "C:\Users\ä¼Ÿæ°\AppData\Local\Programs\Python\Python314\Lib\site-packages\yt_dlp\YoutubeDL.py", line 1696, in wrapper
    return func(self, *args, **kwargs)
  File "C:\Users\ä¼Ÿæ°\AppData\Local\Programs\Python\Python314\Lib\site-packages\yt_dlp\YoutubeDL.py", line 1831, in __extract_info
    ie_result = ie.extract(url)
  File "C:\Users\ä¼Ÿæ°\AppData\Local\Programs\Python\Python314\Lib\site-packages\yt_dlp\extractor\common.py", line 762, in extract
    ie_result = self._real_extract(url)
  File "C:\Users\ä¼Ÿæ°\AppData\Local\Programs\Python\Python314\Lib\site-packages\yt_dlp\extractor\youtube\_video.py", line 3910, in _real_extract
    self.raise_no_formats(reason, expected=True)
    ~~~~~~~~~~~~~~~~~~~~~^^^^^^^^^^^^^^^^^^^^^^^
  File "C:\Users\ä¼Ÿæ°\AppData\Local\Programs\Python\Python314\Lib\site-packages\yt_dlp\extractor\common.py", line 1274, in raise_no_formats
    raise ExtractorError(msg, expected=expected, video_id=video_id)
yt_dlp.utils.ExtractorError: [youtube] jKr9Omaf3Gs: Sign in to confirm youâ€™re not a bot. Use --cookies-from-browser or --cookies for the authentication. See  https://github.com/yt-dlp/yt-dlp/wiki/FAQ#how-do-i-pass-cookies-to-yt-dlp  for how to manually pass cookies. Also see  https://github.com/yt-dlp/yt-dlp/wiki/Extractors#exporting-youtube-cookies  for tips on effectively exporting YouTube cookies

During handling of the above exception, another exception occurred:

Traceback (most recent call last):
  File "D:\YT_Market_Tool\download_with_cookies.py", line 63, in <module>
    info = ydl.extract_info(url, download=False)
  File "C:\Users\ä¼Ÿæ°\AppData\Local\Programs\Python\Python314\Lib\site-packages\yt_dlp\YoutubeDL.py", line 1685, in extract_info
    return self.__extract_info(url, self.get_info_extractor(key), download, extra_info, process)
           ~~~~~~~~~~~~~~~~~~~^^^^^^^^^^^^^^^^^^^^^^^^^^^^^^^^^^^^^^^^^^^^^^^^^^^^^^^^^^^^^^^^^^
  File "C:\Users\ä¼Ÿæ°\AppData\Local\Programs\Python\Python314\Lib\site-packages\yt_dlp\YoutubeDL.py", line 1714, in wrapper
    self.report_error(str(e), e.format_traceback())
    ~~~~~~~~~~~~~~~~~^^^^^^^^^^^^^^^^^^^^^^^^^^^^^^
  File "C:\Users\ä¼Ÿæ°\AppData\Local\Programs\Python\Python314\Lib\site-packages\yt_dlp\YoutubeDL.py", line 1154, in report_error
    self.trouble(f'{self._format_err("ERROR:", self.Styles.ERROR)} {message}', *args, **kwargs)
    ~~~~~~~~~~~~^^^^^^^^^^^^^^^^^^^^^^^^^^^^^^^^^^^^^^^^^^^^^^^^^^^^^^^^^^^^^^^^^^^^^^^^^^^^^^^
  File "C:\Users\ä¼Ÿæ°\AppData\Local\Programs\Python\Python314\Lib\site-packages\yt_dlp\YoutubeDL.py", line 1093, in trouble
    raise DownloadError(message, exc_info)
yt_dlp.utils.DownloadError: [0;31mERROR:[0m [youtube] jKr9Omaf3Gs: Sign in to confirm youâ€™re not a bot. Use --cookies-from-browser or --cookies for the authentication. See  https://github.com/yt-dlp/yt-dlp/wiki/FAQ#how-do-i-pass-cookies-to-yt-dlp  for how to manually pass cookies. Also see  https://github.com/yt-dlp/yt-dlp/wiki/Extractors#exporting-youtube-cookies  for tips on effectively exporting YouTube cookies

